[INFO] Scanning for projects...
[INFO] 
[INFO] ----------------------< com.earzuhal:main_server >----------------------
[INFO] Building main_server 0.0.1-SNAPSHOT
[INFO]   from pom.xml
[INFO] --------------------------------[ jar ]---------------------------------
[INFO] 
[INFO] >>> spring-boot:4.0.2:run (default-cli) > test-compile @ main_server >>>
[INFO] 
[INFO] --- resources:3.3.1:resources (default-resources) @ main_server ---
[INFO] Copying 1 resource from src\main\resources to target\classes
[INFO] Copying 12 resources from src\main\resources to target\classes
[INFO] 
[INFO] --- compiler:3.14.1:compile (default-compile) @ main_server ---
[INFO] Nothing to compile - all classes are up to date.
[INFO] 
[INFO] --- resources:3.3.1:testResources (default-testResources) @ main_server ---
[INFO] skip non existing resourceDirectory C:\Users\Deniz\Desktop\e-arzuhal\main-server\src\test\resources
[INFO] 
[INFO] --- compiler:3.14.1:testCompile (default-testCompile) @ main_server ---
[INFO] Recompiling the module because of changed source code.
[INFO] Compiling 10 source files with javac [debug parameters release 21] to target\test-classes
[INFO] Annotation processing is enabled because one or more processors were found
  on the class path. A future release of javac may disable annotation processing
  unless at least one processor is specified by name (-processor), or a search
  path is specified (--processor-path, --processor-module-path), or annotation
  processing is enabled explicitly (-proc:only, -proc:full).
  Use -Xlint:-options to suppress this message.
  Use -proc:none to disable annotation processing.
[INFO] -------------------------------------------------------------
[ERROR] COMPILATION ERROR : 
[INFO] -------------------------------------------------------------
[ERROR] /C:/Users/Deniz/Desktop/e-arzuhal/main-server/src/test/java/com/earzuhal/controller/AuthControllerIT.java:[10,28] package com.earzuhal.service does not exist
[ERROR] /C:/Users/Deniz/Desktop/e-arzuhal/main-server/src/test/java/com/earzuhal/controller/AuthControllerIT.java:[15,63] package org.springframework.boot.test.autoconfigure.web.servlet does not exist
[ERROR] /C:/Users/Deniz/Desktop/e-arzuhal/main-server/src/test/java/com/earzuhal/controller/AuthControllerIT.java:[16,63] package org.springframework.boot.test.autoconfigure.web.servlet does not exist
[ERROR] /C:/Users/Deniz/Desktop/e-arzuhal/main-server/src/test/java/com/earzuhal/controller/AuthControllerIT.java:[40,2] cannot find symbol
  symbol: class WebMvcTest
[ERROR] /C:/Users/Deniz/Desktop/e-arzuhal/main-server/src/test/java/com/earzuhal/controller/AuthControllerIT.java:[42,2] cannot find symbol
  symbol: class AutoConfigureMockMvc
[ERROR] /C:/Users/Deniz/Desktop/e-arzuhal/main-server/src/test/java/com/earzuhal/controller/AuthControllerIT.java:[48,18] cannot find symbol
  symbol:   class AuthService
  location: class com.earzuhal.controller.AuthControllerIT
[ERROR] /C:/Users/Deniz/Desktop/e-arzuhal/main-server/src/test/java/com/earzuhal/controller/ContractFlowIT.java:[18,63] package org.springframework.boot.test.autoconfigure.web.servlet does not exist
[ERROR] /C:/Users/Deniz/Desktop/e-arzuhal/main-server/src/test/java/com/earzuhal/controller/ContractFlowIT.java:[19,63] package org.springframework.boot.test.autoconfigure.web.servlet does not exist
[ERROR] /C:/Users/Deniz/Desktop/e-arzuhal/main-server/src/test/java/com/earzuhal/controller/ContractFlowIT.java:[43,2] cannot find symbol
  symbol: class WebMvcTest
[ERROR] /C:/Users/Deniz/Desktop/e-arzuhal/main-server/src/test/java/com/earzuhal/controller/ContractFlowIT.java:[45,2] cannot find symbol
  symbol: class AutoConfigureMockMvc
[ERROR] /C:/Users/Deniz/Desktop/e-arzuhal/main-server/src/test/java/com/earzuhal/controller/VerificationControllerIT.java:[15,63] package org.springframework.boot.test.autoconfigure.web.servlet does not exist
[ERROR] /C:/Users/Deniz/Desktop/e-arzuhal/main-server/src/test/java/com/earzuhal/controller/VerificationControllerIT.java:[16,63] package org.springframework.boot.test.autoconfigure.web.servlet does not exist
[ERROR] /C:/Users/Deniz/Desktop/e-arzuhal/main-server/src/test/java/com/earzuhal/controller/VerificationControllerIT.java:[39,2] cannot find symbol
  symbol: class WebMvcTest
[ERROR] /C:/Users/Deniz/Desktop/e-arzuhal/main-server/src/test/java/com/earzuhal/controller/VerificationControllerIT.java:[41,2] cannot find symbol
  symbol: class AutoConfigureMockMvc
[ERROR] /C:/Users/Deniz/Desktop/e-arzuhal/main-server/src/test/java/com/earzuhal/controller/AuthControllerIT.java:[40,50] cannot find symbol
  symbol:   class AuthController
  location: package com.earzuhal.controller
[INFO] 15 errors 
[INFO] -------------------------------------------------------------
[INFO] ------------------------------------------------------------------------
[INFO] BUILD FAILURE
[INFO] ------------------------------------------------------------------------
[INFO] Total time:  6.537 s
[INFO] Finished at: 2026-04-24T17:02:19+03:00
[INFO] ------------------------------------------------------------------------
[ERROR] Failed to execute goal org.apache.maven.plugins:maven-compiler-plugin:3.14.1:testCompile (default-testCompile) on project main_server: Compilation failure: Compilation failure: 
[ERROR] /C:/Users/Deniz/Desktop/e-arzuhal/main-server/src/test/java/com/earzuhal/controller/AuthControllerIT.java:[10,28] package com.earzuhal.service does not exist
[ERROR] /C:/Users/Deniz/Desktop/e-arzuhal/main-server/src/test/java/com/earzuhal/controller/AuthControllerIT.java:[15,63] package org.springframework.boot.test.autoconfigure.web.servlet does not exist
[ERROR] /C:/Users/Deniz/Desktop/e-arzuhal/main-server/src/test/java/com/earzuhal/controller/AuthControllerIT.java:[16,63] package org.springframework.boot.test.autoconfigure.web.servlet does not exist
[ERROR] /C:/Users/Deniz/Desktop/e-arzuhal/main-server/src/test/java/com/earzuhal/controller/AuthControllerIT.java:[40,2] cannot find symbol
[ERROR]   symbol: class WebMvcTest
[ERROR] /C:/Users/Deniz/Desktop/e-arzuhal/main-server/src/test/java/com/earzuhal/controller/AuthControllerIT.java:[42,2] cannot find symbol
[ERROR]   symbol: class AutoConfigureMockMvc
[ERROR] /C:/Users/Deniz/Desktop/e-arzuhal/main-server/src/test/java/com/earzuhal/controller/AuthControllerIT.java:[48,18] cannot find symbol
[ERROR]   symbol:   class AuthService
[ERROR]   location: class com.earzuhal.controller.AuthControllerIT
[ERROR] /C:/Users/Deniz/Desktop/e-arzuhal/main-server/src/test/java/com/earzuhal/controller/ContractFlowIT.java:[18,63] package org.springframework.boot.test.autoconfigure.web.servlet does not exist
[ERROR] /C:/Users/Deniz/Desktop/e-arzuhal/main-server/src/test/java/com/earzuhal/controller/ContractFlowIT.java:[19,63] package org.springframework.boot.test.autoconfigure.web.servlet does not exist
[ERROR] /C:/Users/Deniz/Desktop/e-arzuhal/main-server/src/test/java/com/earzuhal/controller/ContractFlowIT.java:[43,2] cannot find symbol
[ERROR]   symbol: class WebMvcTest
[ERROR] /C:/Users/Deniz/Desktop/e-arzuhal/main-server/src/test/java/com/earzuhal/controller/ContractFlowIT.java:[45,2] cannot find symbol
[ERROR]   symbol: class AutoConfigureMockMvc
[ERROR] /C:/Users/Deniz/Desktop/e-arzuhal/main-server/src/test/java/com/earzuhal/controller/VerificationControllerIT.java:[15,63] package org.springframework.boot.test.autoconfigure.web.servlet does not exist
[ERROR] /C:/Users/Deniz/Desktop/e-arzuhal/main-server/src/test/java/com/earzuhal/controller/VerificationControllerIT.java:[16,63] package org.springframework.boot.test.autoconfigure.web.servlet does not exist
[ERROR] /C:/Users/Deniz/Desktop/e-arzuhal/main-server/src/test/java/com/earzuhal/controller/VerificationControllerIT.java:[39,2] cannot find symbol
[ERROR]   symbol: class WebMvcTest
[ERROR] /C:/Users/Deniz/Desktop/e-arzuhal/main-server/src/test/java/com/earzuhal/controller/VerificationControllerIT.java:[41,2] cannot find symbol
[ERROR]   symbol: class AutoConfigureMockMvc
[ERROR] /C:/Users/Deniz/Desktop/e-arzuhal/main-server/src/test/java/com/earzuhal/controller/AuthControllerIT.java:[40,50] cannot find symbol
[ERROR]   symbol:   class AuthController
[ERROR]   location: package com.earzuhal.controller
[ERROR] -> [Help 1]
[ERROR] 
[ERROR] To see the full stack trace of the errors, re-run Maven with the -e switch.
[ERROR] Re-run Maven using the -X switch to enable full debug logging.
[ERROR] 
[ERROR] For more information about the errors and possible solutions, please read the following articles:
[ERROR] [Help 1] http://cwiki.apache.org/confluence/display/MAVEN/MojoFailureException
